11/9/2022 12:30:46 PM - Random Log
11/9/2022 2:39:32 PM - Random Log
11/9/2022 2:39:32 PM - Entering into condition : Line  351
11/9/2022 2:39:46 PM - Parsed ImageList success
11/9/2022 2:39:52 PM - Entering into SaveAppeal 1 Method
11/9/2022 2:39:52 PM - Entering into Else condition from External Services.cs class : Ticket number = 3048126, Plate number = BZYW750, Installation List = 0
11/9/2022 2:40:03 PM - Appeal Response Updated
11/9/2022 2:44:29 PM - Random Log
11/9/2022 2:44:29 PM - Entering into condition : Line  351
11/9/2022 2:44:29 PM - Parsed ImageList success
11/9/2022 2:44:29 PM - Entering into SaveAppeal 1 Method
11/9/2022 2:44:29 PM - Entering into Else condition from External Services.cs class : Ticket number = 3048126, Plate number = BZYW750, Installation List = 0
11/9/2022 2:45:04 PM - Entering into SaveAppeal 1 Method
11/9/2022 2:45:14 PM - Entering into Else condition from External Services.cs class : Ticket number = 3048126, Plate number = BZYW750, Installation List = 0
11/9/2022 2:45:41 PM - Appeal Response Updated
11/9/2022 2:46:14 PM - Random Log
11/9/2022 2:46:14 PM - Entering into condition : Line  351
11/9/2022 2:46:14 PM - Parsed ImageList success
11/9/2022 2:46:14 PM - Entering into SaveAppeal 1 Method
11/9/2022 2:46:14 PM - Entering into Else condition from External Services.cs class : Ticket number = 3048126, Plate number = BZYW750, Installation List = 0
11/9/2022 2:46:19 PM - Appeal Response Updated
